<?xml version="1.0" encoding="UTF-8"?>
<!-- Generated by org.testng.reporters.JUnitXMLReporter -->
<testsuite hostname="Shanky-2.local" ignored="8" name="Test" tests="4" failures="0" timestamp="2021-06-02T12:32:41 IST" time="8.607" errors="0">
  <testcase name="merchantlisting" time="5.27" classname="org.testing.TestScripts.TC1_MerchantListingAllRecords"/>
  <testcase name="loctionlisting" time="1.54" classname="org.testing.TestScripts.TC2_LocationListingAllRecords"/>
  <testcase name="merchantDetail" time="0.723" classname="org.testing.TestScripts.TC3_openMerchantDetail"/>
  <testcase name="merchantDetailvialisting" time="0.984" classname="org.testing.TestScripts.TC4_openMerchantDetailViaChaining"/>
  <testcase name="@AfterSuite tearDown" time="0.0" classname="org.testing.ExtentReporting.extentReportWithTestng">
    <ignored/>
  </testcase> <!-- @AfterSuite tearDown -->
  <testcase name="@AfterSuite tearDown" time="0.0" classname="org.testing.ExtentReporting.extentReportWithTestng">
    <ignored/>
  </testcase> <!-- @AfterSuite tearDown -->
  <testcase name="@AfterSuite tearDown" time="0.0" classname="org.testing.ExtentReporting.extentReportWithTestng">
    <ignored/>
  </testcase> <!-- @AfterSuite tearDown -->
  <testcase name="@AfterSuite tearDown" time="0.0" classname="org.testing.ExtentReporting.extentReportWithTestng">
    <ignored/>
  </testcase> <!-- @AfterSuite tearDown -->
  <testcase name="@BeforeSuite setup" time="0.0" classname="org.testing.ExtentReporting.extentReportWithTestng">
    <ignored/>
  </testcase> <!-- @BeforeSuite setup -->
  <testcase name="@BeforeSuite setup" time="0.0" classname="org.testing.ExtentReporting.extentReportWithTestng">
    <ignored/>
  </testcase> <!-- @BeforeSuite setup -->
  <testcase name="@BeforeSuite setup" time="0.0" classname="org.testing.ExtentReporting.extentReportWithTestng">
    <ignored/>
  </testcase> <!-- @BeforeSuite setup -->
  <testcase name="@BeforeSuite setup" time="0.0" classname="org.testing.ExtentReporting.extentReportWithTestng">
    <ignored/>
  </testcase> <!-- @BeforeSuite setup -->
</testsuite> <!-- Test -->
