<?xml version="1.0" encoding="UTF-8"?>
<!-- Generated by org.testng.reporters.JUnitXMLReporter -->
<testsuite hostname="Shanky-2.local" ignored="16" name="Test" tests="8" failures="0" timestamp="2021-06-23T11:46:35 IST" time="37.987" errors="0">
  <testcase name="merchantlisting" time="21.176" classname="org.testing.TestScripts.TC1_MerchantListingAllRecords"/>
  <testcase name="loctionlisting" time="2.736" classname="org.testing.TestScripts.TC2_LocationListingAllRecords"/>
  <testcase name="merchantDetail" time="1.516" classname="org.testing.TestScripts.TC3_openMerchantDetail"/>
  <testcase name="merchantDetailvialisting" time="2.481" classname="org.testing.TestScripts.TC4_openMerchantDetailViaChaining"/>
  <testcase name="RewardSF" time="2.484" classname="org.testing.TestScripts.TC5_RewardsStorefront"/>
  <testcase name="searchOutlet" time="1.367" classname="org.testing.TestScripts.TC6_OutletSearch"/>
  <testcase name="searchOutlet" time="0.986" classname="org.testing.TestScripts.TC7_ChangeLocation"/>
  <testcase name="defaultFilteredData" time="0.897" classname="org.testing.TestScripts.TC8_FilteredListing"/>
  <testcase name="@AfterSuite tearDown" time="0.0" classname="org.testing.ExtentReporting.extentReportWithTestng">
    <ignored/>
  </testcase> <!-- @AfterSuite tearDown -->
  <testcase name="@AfterSuite tearDown" time="0.0" classname="org.testing.ExtentReporting.extentReportWithTestng">
    <ignored/>
  </testcase> <!-- @AfterSuite tearDown -->
  <testcase name="@AfterSuite tearDown" time="0.0" classname="org.testing.ExtentReporting.extentReportWithTestng">
    <ignored/>
  </testcase> <!-- @AfterSuite tearDown -->
  <testcase name="@AfterSuite tearDown" time="0.0" classname="org.testing.ExtentReporting.extentReportWithTestng">
    <ignored/>
  </testcase> <!-- @AfterSuite tearDown -->
  <testcase name="@AfterSuite tearDown" time="0.0" classname="org.testing.ExtentReporting.extentReportWithTestng">
    <ignored/>
  </testcase> <!-- @AfterSuite tearDown -->
  <testcase name="@AfterSuite tearDown" time="0.0" classname="org.testing.ExtentReporting.extentReportWithTestng">
    <ignored/>
  </testcase> <!-- @AfterSuite tearDown -->
  <testcase name="@AfterSuite tearDown" time="0.0" classname="org.testing.ExtentReporting.extentReportWithTestng">
    <ignored/>
  </testcase> <!-- @AfterSuite tearDown -->
  <testcase name="@AfterSuite tearDown" time="0.0" classname="org.testing.ExtentReporting.extentReportWithTestng">
    <ignored/>
  </testcase> <!-- @AfterSuite tearDown -->
  <testcase name="@BeforeSuite setup" time="0.0" classname="org.testing.ExtentReporting.extentReportWithTestng">
    <ignored/>
  </testcase> <!-- @BeforeSuite setup -->
  <testcase name="@BeforeSuite setup" time="0.0" classname="org.testing.ExtentReporting.extentReportWithTestng">
    <ignored/>
  </testcase> <!-- @BeforeSuite setup -->
  <testcase name="@BeforeSuite setup" time="0.0" classname="org.testing.ExtentReporting.extentReportWithTestng">
    <ignored/>
  </testcase> <!-- @BeforeSuite setup -->
  <testcase name="@BeforeSuite setup" time="0.0" classname="org.testing.ExtentReporting.extentReportWithTestng">
    <ignored/>
  </testcase> <!-- @BeforeSuite setup -->
  <testcase name="@BeforeSuite setup" time="0.0" classname="org.testing.ExtentReporting.extentReportWithTestng">
    <ignored/>
  </testcase> <!-- @BeforeSuite setup -->
  <testcase name="@BeforeSuite setup" time="0.0" classname="org.testing.ExtentReporting.extentReportWithTestng">
    <ignored/>
  </testcase> <!-- @BeforeSuite setup -->
  <testcase name="@BeforeSuite setup" time="0.0" classname="org.testing.ExtentReporting.extentReportWithTestng">
    <ignored/>
  </testcase> <!-- @BeforeSuite setup -->
  <testcase name="@BeforeSuite setup" time="0.0" classname="org.testing.ExtentReporting.extentReportWithTestng">
    <ignored/>
  </testcase> <!-- @BeforeSuite setup -->
</testsuite> <!-- Test -->
