<?xml version="1.0" encoding="UTF-8"?>
<!-- Generated by org.testng.reporters.JUnitXMLReporter -->
<testsuite hostname="Shanky-2.local" ignored="16" name="Test" tests="8" failures="0" timestamp="2021-06-22T12:23:27 IST" time="39.344" errors="0">
  <testcase name="merchantlisting" time="21.273" classname="org.testing.TestScripts.TC1_MerchantListingAllRecords"/>
  <testcase name="loctionlisting" time="2.444" classname="org.testing.TestScripts.TC2_LocationListingAllRecords"/>
  <testcase name="merchantDetail" time="1.244" classname="org.testing.TestScripts.TC3_openMerchantDetail"/>
  <testcase name="merchantDetailvialisting" time="3.031" classname="org.testing.TestScripts.TC4_openMerchantDetailViaChaining"/>
  <testcase name="RewardSF" time="3.68" classname="org.testing.TestScripts.TC5_RewardsStorefront"/>
  <testcase name="searchOutlet" time="1.681" classname="org.testing.TestScripts.TC6_OutletSearch"/>
  <testcase name="searchOutlet" time="0.967" classname="org.testing.TestScripts.TC7_ChangeLocation"/>
  <testcase name="defaultFilteredData" time="0.742" classname="org.testing.TestScripts.TC8_FilteredListing"/>
  <testcase name="@AfterSuite tearDown" time="0.0" classname="org.testing.ExtentReporting.extentReportWithTestng">
    <ignored/>
  </testcase> <!-- @AfterSuite tearDown -->
  <testcase name="@AfterSuite tearDown" time="0.0" classname="org.testing.ExtentReporting.extentReportWithTestng">
    <ignored/>
  </testcase> <!-- @AfterSuite tearDown -->
  <testcase name="@AfterSuite tearDown" time="0.0" classname="org.testing.ExtentReporting.extentReportWithTestng">
    <ignored/>
  </testcase> <!-- @AfterSuite tearDown -->
  <testcase name="@AfterSuite tearDown" time="0.0" classname="org.testing.ExtentReporting.extentReportWithTestng">
    <ignored/>
  </testcase> <!-- @AfterSuite tearDown -->
  <testcase name="@AfterSuite tearDown" time="0.0" classname="org.testing.ExtentReporting.extentReportWithTestng">
    <ignored/>
  </testcase> <!-- @AfterSuite tearDown -->
  <testcase name="@AfterSuite tearDown" time="0.0" classname="org.testing.ExtentReporting.extentReportWithTestng">
    <ignored/>
  </testcase> <!-- @AfterSuite tearDown -->
  <testcase name="@AfterSuite tearDown" time="0.0" classname="org.testing.ExtentReporting.extentReportWithTestng">
    <ignored/>
  </testcase> <!-- @AfterSuite tearDown -->
  <testcase name="@AfterSuite tearDown" time="0.0" classname="org.testing.ExtentReporting.extentReportWithTestng">
    <ignored/>
  </testcase> <!-- @AfterSuite tearDown -->
  <testcase name="@BeforeSuite setup" time="0.0" classname="org.testing.ExtentReporting.extentReportWithTestng">
    <ignored/>
  </testcase> <!-- @BeforeSuite setup -->
  <testcase name="@BeforeSuite setup" time="0.0" classname="org.testing.ExtentReporting.extentReportWithTestng">
    <ignored/>
  </testcase> <!-- @BeforeSuite setup -->
  <testcase name="@BeforeSuite setup" time="0.0" classname="org.testing.ExtentReporting.extentReportWithTestng">
    <ignored/>
  </testcase> <!-- @BeforeSuite setup -->
  <testcase name="@BeforeSuite setup" time="0.0" classname="org.testing.ExtentReporting.extentReportWithTestng">
    <ignored/>
  </testcase> <!-- @BeforeSuite setup -->
  <testcase name="@BeforeSuite setup" time="0.0" classname="org.testing.ExtentReporting.extentReportWithTestng">
    <ignored/>
  </testcase> <!-- @BeforeSuite setup -->
  <testcase name="@BeforeSuite setup" time="0.0" classname="org.testing.ExtentReporting.extentReportWithTestng">
    <ignored/>
  </testcase> <!-- @BeforeSuite setup -->
  <testcase name="@BeforeSuite setup" time="0.0" classname="org.testing.ExtentReporting.extentReportWithTestng">
    <ignored/>
  </testcase> <!-- @BeforeSuite setup -->
  <testcase name="@BeforeSuite setup" time="0.0" classname="org.testing.ExtentReporting.extentReportWithTestng">
    <ignored/>
  </testcase> <!-- @BeforeSuite setup -->
</testsuite> <!-- Test -->
