<?xml version="1.0" encoding="UTF-8"?>
<testsuite name="TestSuite" time="35.235" tests="8" errors="0" skipped="0" failures="0">
  <properties>
[...]
</properties>
  <testcase name="merchantlisting" classname="org.testing.TestScripts.TC1_MerchantListingAllRecords" time="21.305"/>
  <testcase name="loctionlisting" classname="org.testing.TestScripts.TC2_LocationListingAllRecords" time="2.447"/>
  <testcase name="merchantDetail" classname="org.testing.TestScripts.TC3_openMerchantDetail" time="1.27"/>
  <testcase name="merchantDetailvialisting" classname="org.testing.TestScripts.TC4_openMerchantDetailViaChaining" time="3.049"/>
  <testcase name="RewardSF" classname="org.testing.TestScripts.TC5_RewardsStorefront" time="3.758"/>
  <testcase name="searchOutlet" classname="org.testing.TestScripts.TC6_OutletSearch" time="1.682"/>
  <testcase name="searchOutlet" classname="org.testing.TestScripts.TC7_ChangeLocation" time="0.967"/>
  <testcase name="defaultFilteredData" classname="org.testing.TestScripts.TC8_FilteredListing" time="0.757"/>
</testsuite>