<?xml version="1.0" encoding="UTF-8"?>
<testng-results skipped="0" failed="0" ignored="0" total="1" passed="1">
  <reporter-output>
  </reporter-output>
  <suite name="Default suite" duration-ms="14386" started-at="2021-06-30T18:38:17 IST" finished-at="2021-06-30T18:38:32 IST">
    <groups>
    </groups>
    <test name="Default test" duration-ms="14386" started-at="2021-06-30T18:38:17 IST" finished-at="2021-06-30T18:38:32 IST">
      <class name="org.testing.TestScripts.TC3_openMerchantDetail">
        <test-method status="PASS" signature="setup()[pri:0, instance:org.testing.TestScripts.TC3_openMerchantDetail@74ad1f1f]" name="setup" is-config="true" duration-ms="411" started-at="2021-06-30T18:38:17 IST" finished-at="2021-06-30T18:38:17 IST">
          <reporter-output>
          </reporter-output>
        </test-method> <!-- setup -->
        <test-method status="PASS" signature="merchantDetail()[pri:0, instance:org.testing.TestScripts.TC3_openMerchantDetail@74ad1f1f]" name="merchantDetail" duration-ms="12696" started-at="2021-06-30T18:38:17 IST" finished-at="2021-06-30T18:38:30 IST">
          <reporter-output>
          </reporter-output>
        </test-method> <!-- merchantDetail -->
        <test-method status="PASS" signature="getResult(org.testng.ITestResult)[pri:0, instance:org.testing.TestScripts.TC3_openMerchantDetail@74ad1f1f]" name="getResult" is-config="true" duration-ms="32" started-at="2021-06-30T18:38:30 IST" finished-at="2021-06-30T18:38:30 IST">
          <params>
            <param index="0">
              <value>
                <![CDATA[[TestResult name=merchantDetail status=SUCCESS method=TC3_openMerchantDetail.merchantDetail()[pri:0, instance:org.testing.TestScripts.TC3_openMerchantDetail@74ad1f1f] output={null}]]]>
              </value>
            </param>
          </params>
          <reporter-output>
          </reporter-output>
        </test-method> <!-- getResult -->
        <test-method status="PASS" signature="tearDown()[pri:0, instance:org.testing.TestScripts.TC3_openMerchantDetail@74ad1f1f]" name="tearDown" is-config="true" duration-ms="1520" started-at="2021-06-30T18:38:30 IST" finished-at="2021-06-30T18:38:32 IST">
          <reporter-output>
          </reporter-output>
        </test-method> <!-- tearDown -->
        <test-method status="PASS" signature="tearDown()[pri:0, instance:org.testing.TestScripts.TC3_openMerchantDetail@74ad1f1f]" name="tearDown" is-config="true" duration-ms="223" started-at="2021-06-30T18:38:32 IST" finished-at="2021-06-30T18:38:32 IST">
          <reporter-output>
          </reporter-output>
        </test-method> <!-- tearDown -->
      </class> <!-- org.testing.TestScripts.TC3_openMerchantDetail -->
    </test> <!-- Default test -->
  </suite> <!-- Default suite -->
</testng-results>
